<?xml version="1.0" encoding="UTF-8"?>
<!-- Generated by org.testng.reporters.JUnitReportReporter -->
<testsuite hostname="Afiqdes" failures="0" tests="2" name="test.Aut_test1" time="31.805" errors="0" timestamp="2024-08-30T10:05:25 IST" skipped="0">
  <testcase classname="test.Aut_test1" name="facebook" time="22.614"/>
  <system-out/>
  <testcase classname="test.Aut_test1" name="automation" time="9.191"/>
  <system-out/>
</testsuite> <!-- test.Aut_test1 -->
