<?xml version="1.0" encoding="UTF-8"?>
<!-- Generated by org.testng.reporters.JUnitReportReporter -->
<testsuite hostname="Afiqdes" failures="0" tests="2" name="test.Aut_test1" time="13.085" errors="0" timestamp="2024-10-09T16:42:38 IST" skipped="0">
  <testcase classname="test.Aut_test1" name="automation" time="8.398"/>
  <system-out/>
  <testcase classname="test.Aut_test1" name="facebook" time="4.687"/>
  <system-out/>
</testsuite> <!-- test.Aut_test1 -->
