<?xml version="1.0" encoding="UTF-8"?>
<!-- Generated by org.testng.reporters.JUnitReportReporter -->
<testsuite hostname="Afiqdes" failures="0" tests="1" name="test.Aut_test2" time="28.139" errors="0" timestamp="2024-08-30T10:05:25 IST" skipped="0">
  <testcase classname="test.Aut_test2" name="automation" time="28.139"/>
  <system-out/>
</testsuite> <!-- test.Aut_test2 -->
