<?xml version="1.0" encoding="UTF-8"?>
<!-- Generated by org.testng.reporters.JUnitReportReporter -->
<testsuite hostname="Afiqdes" failures="0" tests="2" name="test.Aut_test1" time="11.219" errors="0" timestamp="2024-09-24T16:36:54 IST" skipped="0">
  <testcase classname="test.Aut_test1" name="facebook" time="2.938"/>
  <testcase classname="test.Aut_test1" name="automation" time="8.281"/>
</testsuite> <!-- test.Aut_test1 -->
