<?xml version="1.0" encoding="UTF-8"?>
<!-- Generated by org.testng.reporters.JUnitReportReporter -->
<testsuite hostname="Afiqdes" failures="0" tests="1" name="test.Aut_test2" time="5.269" errors="0" timestamp="2024-09-24T16:36:54 IST" skipped="0">
  <testcase classname="test.Aut_test2" name="automation" time="5.269"/>
</testsuite> <!-- test.Aut_test2 -->
